\BOOKMARK [0][-]{chapter.1}{Introduction}{}% 1
\BOOKMARK [1][-]{section.1.1}{Visual System}{chapter.1}% 2
\BOOKMARK [2][-]{subsection.1.1.1}{Anatomy}{section.1.1}% 3
\BOOKMARK [2][-]{subsection.1.1.2}{Physiology}{section.1.1}% 4
\BOOKMARK [2][-]{subsection.1.1.3}{Visual Cortical Columns}{section.1.1}% 5
\BOOKMARK [1][-]{section.1.2}{Visual Critical Period}{chapter.1}% 6
\BOOKMARK [1][-]{section.1.3}{Spontaneous Activity in the Visual System}{chapter.1}% 7
\BOOKMARK [2][-]{subsection.1.3.1}{Retinal Waves}{section.1.3}% 8
\BOOKMARK [2][-]{subsection.1.3.2}{Spontaneous Activity in the LGN}{section.1.3}% 9
\BOOKMARK [2][-]{subsection.1.3.3}{Spontaneous Activity in V1}{section.1.3}% 10
\BOOKMARK [1][-]{section.1.4}{The Retinogeniculate Circuit}{chapter.1}% 11
\BOOKMARK [2][-]{subsection.1.4.1}{Structure of the Retinogeniculate Circuit}{section.1.4}% 12
\BOOKMARK [2][-]{subsection.1.4.2}{Development of the Retinogeniculate Circuit}{section.1.4}% 13
\BOOKMARK [2][-]{subsection.1.4.3}{The Role of Activity in Retinogeniculate Development}{section.1.4}% 14
\BOOKMARK [2][-]{subsection.1.4.4}{The Role of Molecular Cues in Retinogeniculate Development}{section.1.4}% 15
\BOOKMARK [1][-]{section.1.5}{The Geniculocortical Circuit}{chapter.1}% 16
\BOOKMARK [2][-]{subsection.1.5.1}{Structure of the Geniculocortical Circuit}{section.1.5}% 17
\BOOKMARK [2][-]{subsection.1.5.2}{Development of the Geniculocortical Circuit}{section.1.5}% 18
\BOOKMARK [2][-]{subsection.1.5.3}{The Role of Activity in Geniculocortical Development}{section.1.5}% 19
\BOOKMARK [2][-]{subsection.1.5.4}{The Role of Molecular Cues in Geniculocortical Development}{section.1.5}% 20
\BOOKMARK [1][-]{section.1.6}{Methods for Molecular Characterization of the Visual System}{chapter.1}% 21
\BOOKMARK [1][-]{section.1.7}{Mylenation in the Lateral Geniculate Nucleus}{chapter.1}% 22
\BOOKMARK [0][-]{chapter.2}{A novel tissue sampling strategy for the elucidation of molecular correlates of visual development}{}% 23
\BOOKMARK [1][-]{section.2.1}{Introduction}{chapter.2}% 24
\BOOKMARK [1][-]{section.2.2}{Materials and methods}{chapter.2}% 25
\BOOKMARK [2][-]{subsection.2.2.1}{General animal procedures}{section.2.2}% 26
\BOOKMARK [2][-]{subsection.2.2.2}{Optical imaging of intrinsic signal}{section.2.2}% 27
\BOOKMARK [2][-]{subsection.2.2.3}{Retina tissue sampling}{section.2.2}% 28
\BOOKMARK [2][-]{subsection.2.2.4}{LGN tissue sampling}{section.2.2}% 29
\BOOKMARK [2][-]{subsection.2.2.5}{Cortical tissue sampling}{section.2.2}% 30
\BOOKMARK [2][-]{subsection.2.2.6}{Two dimensional difference gel electrophoresis}{section.2.2}% 31
\BOOKMARK [2][-]{subsection.2.2.7}{Fluorescence gel imaging and image analysis}{section.2.2}% 32
\BOOKMARK [2][-]{subsection.2.2.8}{Protein spot isolation and identification}{section.2.2}% 33
\BOOKMARK [2][-]{subsection.2.2.9}{Immunohistochemistry}{section.2.2}% 34
\BOOKMARK [1][-]{section.2.3}{Results}{chapter.2}% 35
\BOOKMARK [2][-]{subsection.2.3.1}{Retinal molecular correlates of visual development}{section.2.3}% 36
\BOOKMARK [2][-]{subsection.2.3.2}{LGN molecular correlates of visual development}{section.2.3}% 37
\BOOKMARK [2][-]{subsection.2.3.3}{Cortical molecular correlates of visual development}{section.2.3}% 38
\BOOKMARK [1][-]{section.2.4}{Conclusions}{chapter.2}% 39
\BOOKMARK [2][-]{subsection.2.4.1}{Summary of findings}{section.2.4}% 40
\BOOKMARK [2][-]{subsection.2.4.2}{Pitfalls and limitations}{section.2.4}% 41
\BOOKMARK [2][-]{subsection.2.4.3}{Discussion}{section.2.4}% 42
\BOOKMARK [0][-]{chapter.3}{Developmentally regulated expression of collapsin response mediator protein 4 in the interlaminar zones of the lateral geniculate nucleus}{}% 43
\BOOKMARK [1][-]{section.3.1}{Introduction}{chapter.3}% 44
\BOOKMARK [1][-]{section.3.2}{Materials and methods}{chapter.3}% 45
\BOOKMARK [2][-]{subsection.3.2.1}{Ferret and mouse tissue preparation}{section.3.2}% 46
\BOOKMARK [2][-]{subsection.3.2.2}{Macaque tissue preparation}{section.3.2}% 47
\BOOKMARK [2][-]{subsection.3.2.3}{Immunohistochemistry}{section.3.2}% 48
\BOOKMARK [2][-]{subsection.3.2.4}{Western Blotting}{section.3.2}% 49
\BOOKMARK [2][-]{subsection.3.2.5}{Myelin staining}{section.3.2}% 50
\BOOKMARK [2][-]{subsection.3.2.6}{Image analysis}{section.3.2}% 51
\BOOKMARK [1][-]{section.3.3}{Results}{chapter.3}% 52
\BOOKMARK [1][-]{section.3.4}{Conclusions}{chapter.3}% 53
\BOOKMARK [2][-]{subsection.3.4.1}{Summary of findings}{section.3.4}% 54
\BOOKMARK [2][-]{subsection.3.4.2}{Pitfalls and limitations}{section.3.4}% 55
\BOOKMARK [2][-]{subsection.3.4.3}{Discussion}{section.3.4}% 56
\BOOKMARK [0][-]{chapter.4}{Expression of collapsin response mediator protein 4 in the presence of altered retinogeniculate input}{}% 57
\BOOKMARK [1][-]{section.4.1}{Introduction}{chapter.4}% 58
\BOOKMARK [1][-]{section.4.2}{Materials and methods}{chapter.4}% 59
\BOOKMARK [2][-]{subsection.4.2.1}{Tissue preparation}{section.4.2}% 60
\BOOKMARK [2][-]{subsection.4.2.2}{Monocular and binocular enucleation}{section.4.2}% 61
\BOOKMARK [2][-]{subsection.4.2.3}{Intravitreal application of epibatidine}{section.4.2}% 62
\BOOKMARK [2][-]{subsection.4.2.4}{Immunohistochemistry}{section.4.2}% 63
\BOOKMARK [2][-]{subsection.4.2.5}{Myelin staining}{section.4.2}% 64
\BOOKMARK [2][-]{subsection.4.2.6}{Image analysis for epibatidine disruption of retinothalamic projections}{section.4.2}% 65
\BOOKMARK [2][-]{subsection.4.2.7}{Image analysis for laminar expression of CRMP4 and Myelin}{section.4.2}% 66
\BOOKMARK [1][-]{section.4.3}{Results}{chapter.4}% 67
\BOOKMARK [2][-]{subsection.4.3.1}{Transient epibatidine block of retinal activity disrupts normal retinal projections, normal cytoarchitecture, and normal CRMP4 expression in the LGN}{section.4.3}% 68
\BOOKMARK [2][-]{subsection.4.3.2}{Monocular or binocular enucleation at birth abolishes normal development of cytoarchitecture in the LGN and normal interlaminar CRMP4 expression}{section.4.3}% 69
\BOOKMARK [1][-]{section.4.4}{Conclusions}{chapter.4}% 70
\BOOKMARK [2][-]{subsection.4.4.1}{Summary of Findings}{section.4.4}% 71
\BOOKMARK [2][-]{subsection.4.4.2}{Pitfalls and limitations}{section.4.4}% 72
\BOOKMARK [2][-]{subsection.4.4.3}{Discussion}{section.4.4}% 73
\BOOKMARK [0][-]{chapter.5}{General Discussion}{}% 74
\BOOKMARK [1][-]{section.5.1}{Toward a molecular characterization of ocular dominance}{chapter.5}% 75
\BOOKMARK [1][-]{section.5.2}{Molecular development of the LGN}{chapter.5}% 76
\BOOKMARK [1][-]{section.5.3}{Hypothesized roles of CRMP4 during LGN development}{chapter.5}% 77
\BOOKMARK [2][-]{subsection.5.3.1}{Hypothesis i: CRMP4 serves as a response factor downstream of myelin signaling and mediates myelin dependent outgrowth inhibition in the cell sparse interlaminar zones.}{section.5.3}% 78
\BOOKMARK [2][-]{subsection.5.3.2}{Hypothesis ii: CRMP4 serves as a response factor downstream of semaphorin signaling and mediates growth cone collapse in the cell sparse interlaminar zones.}{section.5.3}% 79
\BOOKMARK [2][-]{subsection.5.3.3}{Hypothesis iii: CRMP4 serves to modulate calcium signaling in RGC axon terminals in the cell sparse interlaminar zones}{section.5.3}% 80
\BOOKMARK [1][-]{section.5.4}{Conclusions}{chapter.5}% 81
\BOOKMARK [2][-]{subsection.5.4.1}{Specific conclusions}{section.5.4}% 82
\BOOKMARK [2][-]{subsection.5.4.2}{General conclusions}{section.5.4}% 83
\BOOKMARK [0][-]{chapter*.41}{References}{}% 84
