This is pdfTeX, Version 3.1415926-1.40.11 (TeX Live 2010) (format=pdflatex 2010.7.21)  25 MAY 2011 13:27
entering extended mode
 \write18 enabled.
 %&-line parsing enabled.
**DissertationMain.tex
(./DissertationMain.tex
LaTeX2e <2009/09/24>
Babel <v3.8l> and hyphenation patterns for english, dumylang, nohyphenation, ge
rman-x-2009-06-19, ngerman-x-2009-06-19, ancientgreek, ibycus, arabic, armenian
, basque, bulgarian, catalan, pinyin, coptic, croatian, czech, danish, dutch, u
kenglish, usenglishmax, esperanto, estonian, farsi, finnish, french, galician, 
german, ngerman, swissgerman, monogreek, greek, hungarian, icelandic, assamese,
 bengali, gujarati, hindi, kannada, malayalam, marathi, oriya, panjabi, tamil, 
telugu, indonesian, interlingua, irish, italian, kurmanji, lao, latin, latvian,
 lithuanian, mongolian, mongolianlmc, bokmal, nynorsk, polish, portuguese, roma
nian, russian, sanskrit, serbian, slovak, slovenian, spanish, swedish, turkish,
 turkmen, ukrainian, uppersorbian, welsh, loaded.
(/usr/local/texlive/2010/texmf-dist/tex/latex/base/report.cls
Document Class: report 2007/10/19 v1.4h Standard LaTeX document class
(/usr/local/texlive/2010/texmf-dist/tex/latex/base/size12.clo
File: size12.clo 2007/10/19 v1.4h Standard LaTeX file (size option)
)
\c@part=\count79
\c@chapter=\count80
\c@section=\count81
\c@subsection=\count82
\c@subsubsection=\count83
\c@paragraph=\count84
\c@subparagraph=\count85
\c@figure=\count86
\c@table=\count87
\abovecaptionskip=\skip41
\belowcaptionskip=\skip42
\bibindent=\dimen102
)
(/usr/local/texlive/2010/texmf-dist/tex/latex/setspace/setspace.sty
Package: setspace 2000/12/01 6.7 Contributed and Supported LaTeX2e package

Package: `setspace' 6.7 <2000/12/01>
) (/usr/local/texlive/2010/texmf-dist/tex/latex/graphics/graphicx.sty
Package: graphicx 1999/02/16 v1.0f Enhanced LaTeX Graphics (DPC,SPQR)

(/usr/local/texlive/2010/texmf-dist/tex/latex/graphics/keyval.sty
Package: keyval 1999/03/16 v1.13 key=value parser (DPC)
\KV@toks@=\toks14
)
(/usr/local/texlive/2010/texmf-dist/tex/latex/graphics/graphics.sty
Package: graphics 2009/02/05 v1.0o Standard LaTeX Graphics (DPC,SPQR)

(/usr/local/texlive/2010/texmf-dist/tex/latex/graphics/trig.sty
Package: trig 1999/03/16 v1.09 sin cos tan (DPC)
)
(/usr/local/texlive/2010/texmf-dist/tex/latex/latexconfig/graphics.cfg
File: graphics.cfg 2010/04/23 v1.9 graphics configuration of TeX Live
)
Package graphics Info: Driver file: pdftex.def on input line 91.

(/usr/local/texlive/2010/texmf-dist/tex/latex/pdftex-def/pdftex.def
File: pdftex.def 2010/02/14 v0.04n Graphics/color for pdfTeX
\Gread@gobject=\count88
))
\Gin@req@height=\dimen103
\Gin@req@width=\dimen104
)
(/usr/local/texlive/2010/texmf-dist/tex/latex/geometry/geometry.sty
Package: geometry 2010/07/13 v5.5 Page Geometry

(/usr/local/texlive/2010/texmf-dist/tex/generic/oberdiek/ifpdf.sty
Package: ifpdf 2010/01/28 v2.1 Provides the ifpdf switch (HO)
Package ifpdf Info: pdfTeX in pdf mode detected.
)
(/usr/local/texlive/2010/texmf-dist/tex/generic/oberdiek/ifvtex.sty
Package: ifvtex 2010/03/01 v1.5 Switches for detecting VTeX and its modes (HO)
Package ifvtex Info: VTeX not detected.
)
\Gm@cnth=\count89
\Gm@cntv=\count90
\c@Gm@tempcnt=\count91
\Gm@bindingoffset=\dimen105
\Gm@wd@mp=\dimen106
\Gm@odd@mp=\dimen107
\Gm@even@mp=\dimen108
\Gm@layoutwidth=\dimen109
\Gm@layoutheight=\dimen110
\Gm@layouthoffset=\dimen111
\Gm@layoutvoffset=\dimen112
\Gm@dimlist=\toks15
)
(/usr/local/texlive/2010/texmf-dist/tex/latex/float/float.sty
Package: float 2001/11/08 v1.3d Float enhancements (AL)
\c@float@type=\count92
\float@exts=\toks16
\float@box=\box26
\@float@everytoks=\toks17
\@floatcapt=\box27
)
(/usr/local/texlive/2010/texmf-dist/tex/latex/was/gensymb.sty
Package: gensymb 2003/07/02 v1.0 (WaS)
)
(/usr/local/texlive/2010/texmf-dist/tex/latex/glossaries/base/glossaries.sty
Package: glossaries 2010/07/10 v2.07 (NLCT)

(/usr/local/texlive/2010/texmf-dist/tex/latex/base/ifthen.sty
Package: ifthen 2001/05/26 v1.1c Standard LaTeX ifthen package (DPC)
)
(/usr/local/texlive/2010/texmf-dist/tex/latex/xkeyval/xkeyval.sty
Package: xkeyval 2008/08/13 v2.6a package option processing (HA)

(/usr/local/texlive/2010/texmf-dist/tex/generic/xkeyval/xkeyval.tex
\XKV@toks=\toks18
\XKV@tempa@toks=\toks19
\XKV@depth=\count93
File: xkeyval.tex 2008/08/13 v2.6a key=value parser (HA)
))
(/usr/local/texlive/2010/texmf-dist/tex/latex/glossaries/base/mfirstuc.sty
Package: mfirstuc 2009/11/03 v1.04 (NLCT)
\@glsmfirst=\toks20
\@glsmrest=\toks21
)
(/usr/local/texlive/2010/texmf-dist/tex/latex/xfor/xfor.sty
Package: xfor 2009/02/05 v1.05 (NLCT)
)
(/usr/local/texlive/2010/texmf-dist/tex/latex/amsmath/amsgen.sty
File: amsgen.sty 1999/11/30 v2.0
\@emptytoks=\toks22
\ex@=\dimen113
)
\gls@level=\count94
\@gls@tmpb=\toks23
\gls@tmplen=\skip43
\istfile=\write3
\glskeylisttok=\toks24
\glslabeltok=\toks25
\glsshorttok=\toks26
\glslongtok=\toks27

(/usr/local/texlive/2010/texmf-dist/tex/latex/glossaries/styles/glossary-hypern
av.sty
Package: glossary-hypernav 2007/07/04 v1.01 (NLCT)
)
(/usr/local/texlive/2010/texmf-dist/tex/latex/glossaries/styles/glossary-list.s
ty
Package: glossary-list 2009/05/30 v2.01 (NLCT)
\glslistdottedwidth=\skip44
)
(/usr/local/texlive/2010/texmf-dist/tex/latex/glossaries/styles/glossary-long.s
ty
Package: glossary-long 2009/05/30 v2.01 (NLCT)
 (/usr/local/texlive/2010/texmf-dist/tex/latex/tools/longtable.sty
Package: longtable 2004/02/01 v4.11 Multi-page Table package (DPC)
\LTleft=\skip45
\LTright=\skip46
\LTpre=\skip47
\LTpost=\skip48
\LTchunksize=\count95
\LTcapwidth=\dimen114
\LT@head=\box28
\LT@firsthead=\box29
\LT@foot=\box30
\LT@lastfoot=\box31
\LT@cols=\count96
\LT@rows=\count97
\c@LT@tables=\count98
\c@LT@chunks=\count99
\LT@p@ftn=\toks28
)
\glsdescwidth=\skip49
\glspagelistwidth=\skip50
)
(/usr/local/texlive/2010/texmf-dist/tex/latex/glossaries/styles/glossary-super.
sty
Package: glossary-super 2009/05/30 v2.01 (NLCT)
 (/usr/local/texlive/2010/texmf-dist/tex/latex/supertabular/supertabular.sty
Package: supertabular 2004/02/20 v4.1e the supertabular environment
\c@tracingst=\count100
\ST@wd=\dimen115
\ST@rightskip=\skip51
\ST@leftskip=\skip52
\ST@parfillskip=\skip53
\ST@pageleft=\dimen116
\ST@headht=\dimen117
\ST@tailht=\dimen118
\ST@pagesofar=\dimen119
\ST@pboxht=\dimen120
\ST@lineht=\dimen121
\ST@stretchht=\dimen122
\ST@prevht=\dimen123
\ST@toadd=\dimen124
\ST@dimen=\dimen125
\ST@pbox=\box32
))
(/usr/local/texlive/2010/texmf-dist/tex/latex/glossaries/styles/glossary-tree.s
ty
Package: glossary-tree 2009/01/14 v1.01 (NLCT)
\glstreeindent=\skip54
)) (/usr/local/texlive/2010/texmf-dist/tex/latex/hyperref/hyperref.sty
Package: hyperref 2010/06/18 v6.81g Hypertext links for LaTeX

(/usr/local/texlive/2010/texmf-dist/tex/generic/oberdiek/ltxcmds.sty
Package: ltxcmds 2010/04/26 v1.7 LaTeX kernel commands for general use (HO)
)
(/usr/local/texlive/2010/texmf-dist/tex/generic/oberdiek/kvsetkeys.sty
Package: kvsetkeys 2010/03/01 v1.9 Key value parser (HO)

(/usr/local/texlive/2010/texmf-dist/tex/generic/oberdiek/infwarerr.sty
Package: infwarerr 2010/04/08 v1.3 Providing info/warning/message (HO)
)
(/usr/local/texlive/2010/texmf-dist/tex/generic/oberdiek/etexcmds.sty
Package: etexcmds 2010/01/28 v1.3 Prefix for e-TeX command names (HO)
Package etexcmds Info: Could not find \expanded.
(etexcmds)             That can mean that you are not using pdfTeX 1.50 or
(etexcmds)             that some package has redefined \expanded.
(etexcmds)             In the latter case, load this package earlier.
))
(/usr/local/texlive/2010/texmf-dist/tex/generic/oberdiek/pdfescape.sty
Package: pdfescape 2010/03/01 v1.9 Provides hex, PDF name and string conversion
s (HO)

(/usr/local/texlive/2010/texmf-dist/tex/generic/oberdiek/pdftexcmds.sty
Package: pdftexcmds 2010/04/01 v0.9 Utility functions of pdfTeX for LuaTeX (HO)


(/usr/local/texlive/2010/texmf-dist/tex/generic/oberdiek/ifluatex.sty
Package: ifluatex 2010/03/01 v1.3 Provides the ifluatex switch (HO)
Package ifluatex Info: LuaTeX not detected.
)
Package pdftexcmds Info: LuaTeX not detected.
Package pdftexcmds Info: \pdf@primitive is available.
Package pdftexcmds Info: \pdf@ifprimitive is available.
))
(/usr/local/texlive/2010/texmf-dist/tex/generic/ifxetex/ifxetex.sty
Package: ifxetex 2009/01/23 v0.5 Provides ifxetex conditional
)
(/usr/local/texlive/2010/texmf-dist/tex/latex/oberdiek/hycolor.sty
Package: hycolor 2009/12/12 v1.6 Color options of hyperref/bookmark (HO)

(/usr/local/texlive/2010/texmf-dist/tex/latex/oberdiek/xcolor-patch.sty
Package: xcolor-patch 2009/12/12 xcolor patch
))
(/usr/local/texlive/2010/texmf-dist/tex/latex/oberdiek/letltxmacro.sty
Package: letltxmacro 2008/06/24 v1.3 Let assignment for LaTeX macros (HO)
)
\@linkdim=\dimen126
\Hy@linkcounter=\count101
\Hy@pagecounter=\count102

(/usr/local/texlive/2010/texmf-dist/tex/latex/hyperref/pd1enc.def
File: pd1enc.def 2010/06/18 v6.81g Hyperref: PDFDocEncoding definition (HO)
)
(/usr/local/texlive/2010/texmf-dist/tex/generic/oberdiek/intcalc.sty
Package: intcalc 2007/09/27 v1.1 Expandable integer calculations (HO)
)
(/usr/local/texlive/2010/texmf-dist/tex/latex/latexconfig/hyperref.cfg
File: hyperref.cfg 2002/06/06 v1.2 hyperref configuration of TeXLive
)
(/usr/local/texlive/2010/texmf-dist/tex/latex/oberdiek/kvoptions.sty
Package: kvoptions 2010/02/22 v3.7 Keyval support for LaTeX options (HO)
)
Package hyperref Info: Option `colorlinks' set `true' on input line 3577.
Package hyperref Info: Hyper figures OFF on input line 3658.
Package hyperref Info: Link nesting OFF on input line 3663.
Package hyperref Info: Hyper index ON on input line 3666.
Package hyperref Info: Plain pages OFF on input line 3673.
Package hyperref Info: Backreferencing OFF on input line 3678.

Implicit mode ON; LaTeX internals redefined
Package hyperref Info: Bookmarks ON on input line 3874.
(/usr/local/texlive/2010/texmf-dist/tex/latex/url/url.sty
\Urlmuskip=\muskip10
Package: url 2006/04/12  ver 3.3  Verb mode for urls, etc.
)
LaTeX Info: Redefining \url on input line 4159.

(/usr/local/texlive/2010/texmf-dist/tex/generic/oberdiek/bitset.sty
Package: bitset 2007/09/28 v1.0 Data type bit set (HO)

(/usr/local/texlive/2010/texmf-dist/tex/generic/oberdiek/bigintcalc.sty
Package: bigintcalc 2007/11/11 v1.1 Expandable big integer calculations (HO)
))
\Fld@menulength=\count103
\Field@Width=\dimen127
\Fld@charsize=\dimen128
\Field@toks=\toks29
Package hyperref Info: Hyper figures OFF on input line 5137.
Package hyperref Info: Link nesting OFF on input line 5142.
Package hyperref Info: Hyper index ON on input line 5145.
Package hyperref Info: backreferencing OFF on input line 5152.
Package hyperref Info: Link coloring ON on input line 5155.
Package hyperref Info: Link coloring with OCG OFF on input line 5162.
Package hyperref Info: PDF/A mode OFF on input line 5167.
LaTeX Info: Redefining \ref on input line 5207.
LaTeX Info: Redefining \pageref on input line 5211.

(/usr/local/texlive/2010/texmf-dist/tex/generic/oberdiek/atbegshi.sty
Package: atbegshi 2010/03/25 v1.12 At begin shipout hook (HO)
)
\Hy@abspage=\count104
\c@Item=\count105
\c@Hfootnote=\count106
)
* hyperref using default driver hpdftex *
(/usr/local/texlive/2010/texmf-dist/tex/latex/hyperref/hpdftex.def
File: hpdftex.def 2010/06/18 v6.81g Hyperref driver for pdfTeX

(/usr/local/texlive/2010/texmf-dist/tex/latex/oberdiek/atveryend.sty
Package: atveryend 2010/03/24 v1.5 Hooks at very end of document (HO)
Package atveryend Info: \enddocument detected (standard).
)
\Fld@listcount=\count107
\c@bookmark@seq@number=\count108

(/usr/local/texlive/2010/texmf-dist/tex/latex/oberdiek/rerunfilecheck.sty
Package: rerunfilecheck 2010/03/16 v1.6 Rerun checks for auxiliary files (HO)

(/usr/local/texlive/2010/texmf-dist/tex/generic/oberdiek/uniquecounter.sty
Package: uniquecounter 2009/12/18 v1.1 Provides unlimited unique counter (HO)
)
Package uniquecounter Info: New unique counter `rerunfilecheck' on input line 2
71.
)
\Hy@SectionHShift=\skip55
)
(/usr/local/texlive/2010/texmf-dist/tex/latex/booktabs/booktabs.sty
Package: booktabs 2005/04/14 v1.61803 publication quality tables
\heavyrulewidth=\dimen129
\lightrulewidth=\dimen130
\cmidrulewidth=\dimen131
\belowrulesep=\dimen132
\belowbottomsep=\dimen133
\aboverulesep=\dimen134
\abovetopsep=\dimen135
\cmidrulesep=\dimen136
\cmidrulekern=\dimen137
\defaultaddspace=\dimen138
\@cmidla=\count109
\@cmidlb=\count110
\@aboverulesep=\dimen139
\@belowrulesep=\dimen140
\@thisruleclass=\count111
\@lastruleclass=\count112
\@thisrulewidth=\dimen141
)
(/usr/local/texlive/2010/texmf-dist/tex/latex/tools/array.sty
Package: array 2008/09/09 v2.4c Tabular extension package (FMi)
\col@sep=\dimen142
\extrarowheight=\dimen143
\NC@list=\toks30
\extratabsurround=\skip56
\backup@length=\skip57
)
(/usr/local/texlive/2010/texmf-dist/tex/latex/xcolor/xcolor.sty
Package: xcolor 2007/01/21 v2.11 LaTeX color extensions (UK)

(/usr/local/texlive/2010/texmf-dist/tex/latex/latexconfig/color.cfg
File: color.cfg 2007/01/18 v1.5 color configuration of teTeX/TeXLive
)
Package xcolor Info: Driver file: pdftex.def on input line 225.

(/usr/local/texlive/2010/texmf-dist/tex/latex/colortbl/colortbl.sty
Package: colortbl 2001/02/13 v0.1j Color table columns (DPC)
\everycr=\toks31
\minrowclearance=\skip58
)
\rownum=\count113
Package xcolor Info: Model `cmy' substituted by `cmy0' on input line 1337.
Package xcolor Info: Model `hsb' substituted by `rgb' on input line 1341.
Package xcolor Info: Model `RGB' extended on input line 1353.
Package xcolor Info: Model `HTML' substituted by `rgb' on input line 1355.
Package xcolor Info: Model `Hsb' substituted by `hsb' on input line 1356.
Package xcolor Info: Model `tHsb' substituted by `hsb' on input line 1357.
Package xcolor Info: Model `HSB' substituted by `hsb' on input line 1358.
Package xcolor Info: Model `Gray' substituted by `gray' on input line 1359.
Package xcolor Info: Model `wave' substituted by `hsb' on input line 1360.
)
(/usr/local/texlive/2010/texmf-dist/tex/latex/caption/caption.sty
Package: caption 2010/01/09 v3.1m Customizing captions (AR)

(/usr/local/texlive/2010/texmf-dist/tex/latex/caption/caption3.sty
Package: caption3 2010/01/14 v3.1m caption3 kernel (AR)
\captionmargin=\dimen144
\captionmargin@=\dimen145
\captionwidth=\dimen146
\caption@indent=\dimen147
\caption@parindent=\dimen148
\caption@hangindent=\dimen149
)
\c@ContinuedFloat=\count114
Package caption Info: float package is loaded.
Package caption Info: hyperref package is loaded.
Package caption Info: longtable package is loaded.

(/usr/local/texlive/2010/texmf-dist/tex/latex/caption/ltcaption.sty
Package: ltcaption 2008/03/28 v1.2 longtable captions (AR)
)
Package caption Info: supertabular package is loaded.
)
(/usr/local/texlive/2010/texmf-dist/tex/latex/tools/indentfirst.sty
Package: indentfirst 1995/11/23 v1.03 Indent first paragraph (DPC)
)
\glo@main@file=\write4
\openout4 = `DissertationMain.glo'.

Package glossaries Info: Writing glossary file DissertationMain.glo on input li
ne 15.
\glo@acronym@file=\write5
\openout5 = `DissertationMain.acn'.

Package glossaries Info: Writing glossary file DissertationMain.acn on input li
ne 15.

(./DissertationMain.aux (./TopMatter/TopMatter.aux) (./Chapter1/Chapter1.aux)
(./Chapter2/Chapter2.aux) (./Chapter3/Chapter3.aux) (./Chapter4/Chapter4.aux)
(./Chapter5/Chapter5.aux) (./References/References.aux))
\openout1 = `DissertationMain.aux'.

LaTeX Font Info:    Checking defaults for OML/cmm/m/it on input line 18.
LaTeX Font Info:    ... okay on input line 18.
LaTeX Font Info:    Checking defaults for T1/cmr/m/n on input line 18.
LaTeX Font Info:    ... okay on input line 18.
LaTeX Font Info:    Checking defaults for OT1/cmr/m/n on input line 18.
LaTeX Font Info:    ... okay on input line 18.
LaTeX Font Info:    Checking defaults for OMS/cmsy/m/n on input line 18.
LaTeX Font Info:    ... okay on input line 18.
LaTeX Font Info:    Checking defaults for OMX/cmex/m/n on input line 18.
LaTeX Font Info:    ... okay on input line 18.
LaTeX Font Info:    Checking defaults for U/cmr/m/n on input line 18.
LaTeX Font Info:    ... okay on input line 18.
LaTeX Font Info:    Checking defaults for PD1/pdf/m/n on input line 18.
LaTeX Font Info:    ... okay on input line 18.

(/usr/local/texlive/2010/texmf-dist/tex/context/base/supp-pdf.mkii
[Loading MPS to PDF converter (version 2006.09.02).]
\scratchcounter=\count115
\scratchdimen=\dimen150
\scratchbox=\box33
\nofMPsegments=\count116
\nofMParguments=\count117
\everyMPshowfont=\toks32
\MPscratchCnt=\count118
\MPscratchDim=\dimen151
\MPnumerator=\count119
\everyMPtoPDFconversion=\toks33
) (/usr/local/texlive/2010/texmf-dist/tex/latex/oberdiek/epstopdf-base.sty
Package: epstopdf-base 2010/02/09 v2.5 Base part for package epstopdf

(/usr/local/texlive/2010/texmf-dist/tex/latex/oberdiek/grfext.sty
Package: grfext 2007/09/30 v1.0 Managing graphics extensions (HO)
)
Package grfext Info: Graphics extension search list:
(grfext)             [.png,.pdf,.jpg,.mps,.jpeg,.jbig2,.jb2,.PNG,.PDF,.JPG,.JPE
G,.JBIG2,.JB2,.eps]
(grfext)             \AppendGraphicsExtensions on input line 436.

(/usr/local/texlive/2010/texmf-dist/tex/latex/latexconfig/epstopdf-sys.cfg
File: epstopdf-sys.cfg 2010/07/13 v1.3 Configuration of (r)epstopdf for TeX Liv
e
))
*geometry* driver: auto-detecting
*geometry* detected driver: pdftex
*geometry* verbose mode - [ preamble ] result:
* driver: pdftex
* paper: <default>
* layout: <same size as paper>
* layoutoffset:(h,v)=(0.0pt,0.0pt)
* modes: 
* h-part:(L,W,R)=(108.405pt, 433.62001pt, 72.26999pt)
* v-part:(T,H,B)=(72.26999pt, 650.43001pt, 72.26999pt)
* \paperwidth=614.295pt
* \paperheight=794.96999pt
* \textwidth=433.62001pt
* \textheight=650.43001pt
* \oddsidemargin=36.13501pt
* \evensidemargin=36.13501pt
* \topmargin=-37.0pt
* \headheight=12.0pt
* \headsep=25.0pt
* \topskip=12.0pt
* \footskip=30.0pt
* \marginparwidth=44.0pt
* \marginparsep=10.0pt
* \columnsep=10.0pt
* \skip\footins=10.8pt plus 4.0pt minus 2.0pt
* \hoffset=0.0pt
* \voffset=0.0pt
* \mag=1000
* \@twocolumnfalse
* \@twosidefalse
* \@mparswitchfalse
* \@reversemarginfalse
* (1in=72.27pt=25.4mm, 1cm=28.453pt)

LaTeX Info: Redefining \celsius on input line 18.
Package gensymb Info: Faking symbols for \degree and \celsius on input line 18.


Package gensymb Warning: Not defining \perthousand.

LaTeX Info: Redefining \ohm on input line 18.
Package gensymb Info: Using \Omega for \ohm on input line 18.

Package gensymb Warning: Not defining \micro.

\AtBeginShipoutBox=\box34
Package hyperref Info: Link coloring ON on input line 18.
(/usr/local/texlive/2010/texmf-dist/tex/latex/hyperref/nameref.sty
Package: nameref 2010/04/30 v2.40 Cross-referencing by name of section

(/usr/local/texlive/2010/texmf-dist/tex/latex/oberdiek/refcount.sty
Package: refcount 2008/08/11 v3.1 Data extraction from references (HO)
)
(/usr/local/texlive/2010/texmf-dist/tex/generic/oberdiek/gettitlestring.sty
Package: gettitlestring 2009/12/18 v1.3 Cleanup title references (HO)
)
\c@section@level=\count120
)
LaTeX Info: Redefining \ref on input line 18.
LaTeX Info: Redefining \pageref on input line 18.
LaTeX Info: Redefining \nameref on input line 18.

(./DissertationMain.out) (./DissertationMain.out)
\@outlinefile=\write6
\openout6 = `DissertationMain.out'.

Package caption Info: Begin \AtBeginDocument code.
Package caption Info: End \AtBeginDocument code.
\openout2 = `TopMatter/TopMatter.aux'.

 (./TopMatter/TopMatter.tex
LaTeX Font Info:    External font `cmex10' loaded for size
(Font)              <14.4> on input line 20.
LaTeX Font Info:    External font `cmex10' loaded for size
(Font)              <7> on input line 20.

[1

\openout3 = `DissertationMain.xdy'.


{/usr/local/texlive/2010/texmf-var/fonts/map/pdftex/updmap/pdftex.map}]
[1] [2]
Missing character: There is no Ò in font cmr17!
Missing character: There is no Ó in font cmr17!
 [3]
LaTeX Font Info:    External font `cmex10' loaded for size
(Font)              <17.28> on input line 39.
LaTeX Font Info:    External font `cmex10' loaded for size
(Font)              <12> on input line 39.
 [4] [5]
Overfull \hbox (6.86505pt too wide) in paragraph at lines 48--80
\OT1/cmr/bx/n/17.28 MALDI-TOF MS \OT1/cmr/m/n/17.28 Ma-trix as-sisted laser des
-orb-tion/ionization
 []


Underfull \hbox (badness 10000) in paragraph at lines 48--80

 []

[6] [7] (./DissertationMain.toc [8

]
Overfull \hbox (17.78322pt too wide) in paragraph at lines 31--31
 [][] [][][]\OT1/cmr/m/n/17.28 Two di-men-sional dif-fer-ence gel elec-trophore
- 
 []

[9]
Overfull \hbox (0.90192pt too wide) in paragraph at lines 60--60
 [] [][][]\OT1/cmr/bx/n/17.28 Expression of col-lapsin re-sponse me-di-a-tor pr
o- 
 []

[10]
Overfull \hbox (26.76509pt too wide) in paragraph at lines 71--71
 \OT1/cmr/m/n/17.28 nor-mal cy-toar-chi-tec-ture, and nor-mal CRMP4 
 []


Overfull \hbox (13.37212pt too wide) in paragraph at lines 72--72
 [][] [][][]\OT1/cmr/m/n/17.28 Monocular or binoc-u-lar enu-cle-ation at birth 

 []


Overfull \hbox (3.75705pt too wide) in paragraph at lines 81--81
 [][] [][][]\OT1/cmr/m/n/17.28 Hypothesis i: CRMP4 serves as a re-sponse 
 []


Overfull \hbox (2.22354pt too wide) in paragraph at lines 81--81
 \OT1/cmr/m/n/17.28 fac-tor down-stream of myelin sig-nal-ing and 
 []


Overfull \hbox (1.96521pt too wide) in paragraph at lines 81--81
 \OT1/cmr/m/n/17.28 hi-bi-tion in the cell sparse in-ter-lam-i-nar zones.[][] [
][]  
 []

[11])
\tf@toc=\write7
\openout7 = `DissertationMain.toc'.

 [12] (./DissertationMain.lof
Overfull \hbox (6.39801pt too wide) in paragraph at lines 5--5
 \OT1/cmr/m/n/17.28 ret vi-sual sys-tem and con-cor-dant pat-terns of spon- 
 []

[13

]
Overfull \hbox (0.5648pt too wide) in paragraph at lines 23--23
 [][] [][][]\OT1/cmr/m/n/17.28 Developmentally reg-u-lated CRMP4 ex-pres-sion i
n 
 []


Overfull \hbox (24.63951pt too wide) in paragraph at lines 25--25
 [][] [][][]\OT1/cmr/m/n/17.28 Quantification of de-vel-op-men-tally reg-u-late
d CRMP4 
 []


Overfull \hbox (0.1134pt too wide) in paragraph at lines 26--26
 [][] [][][]\OT1/cmr/m/n/17.28 Developmentally reg-u-lated ex-pres-sion of CRMP
4 
 []


Overfull \hbox (27.5769pt too wide) in paragraph at lines 30--30
 [][] [][][]\OT1/cmr/m/n/17.28 Epibatidine treat-ment al-ters the pat-tern of r
etinotha- 
 []

[14]
Overfull \hbox (22.73099pt too wide) in paragraph at lines 31--31
 \OT1/cmr/m/n/17.28 seg-re-ga-tion of ip-si-lat-eral and con-tralat-eral retino
tha- 
 []

)
\tf@lof=\write8
\openout8 = `DissertationMain.lof'.

 [15] (./DissertationMain.lot)
\tf@lot=\write9
\openout9 = `DissertationMain.lot'.

 [16

])
\openout2 = `Chapter1/Chapter1.aux'.

 (./Chapter1/Chapter1.tex
Chapter 1.
pdfTeX warning (ext4): destination with the same identifier (name{page.1}) has 
been already used, duplicate ignored
<to be read again> 
                   \relax 
l.6 
     [1



] [2] <FigureImages/visSystem.png, id=675, 1316.5185pt x 493.3632pt>
File: FigureImages/visSystem.png Graphic file (type png)

<use FigureImages/visSystem.png>
<FigureImages/NormalLGNLayers.png, id=677, 550.2156pt x 246.9225pt>
File: FigureImages/NormalLGNLayers.png Graphic file (type png)

<use FigureImages/NormalLGNLayers.png> [3] [4 <./FigureImages/visSystem.png>]
<FigureImages/ODCMap.png, id=687, 388.3308pt x 372.4314pt>
File: FigureImages/ODCMap.png Graphic file (type png)

<use FigureImages/ODCMap.png>
LaTeX Font Info:    External font `cmex10' loaded for size
(Font)              <8> on input line 36.
LaTeX Font Info:    External font `cmex10' loaded for size
(Font)              <6> on input line 36.
 [5 <./FigureImages/NormalLGNLayers.png>] [6]
Missing character: There is no µ in font cmr17!
Missing character: There is no µ in font cmr17!

[7] [8 <./FigureImages/ODCMap.png (PNG copy)>] [9] [10]
<FigureImages/spontaneousActivityTimeline.png, id=715, 592.8549pt x 313.17pt>
File: FigureImages/spontaneousActivityTimeline.png Graphic file (type png)

<use FigureImages/spontaneousActivityTimeline.png> [11] [12 <./FigureImages/spo
ntaneousActivityTimeline.png>] [13]
Missing character: There is no µ in font cmr17!
 [14]
<FigureImages/LGNDevelopmentTimline.png, id=734, 406.3983pt x 405.1938pt>
File: FigureImages/LGNDevelopmentTimline.png Graphic file (type png)

<use FigureImages/LGNDevelopmentTimline.png> [15] [16] [17 <./FigureImages/LGND
evelopmentTimline.png>] [18] [19]
<FigureImages/ODCCartoon.png, id=757, 569.4876pt x 401.3394pt>
File: FigureImages/ODCCartoon.png Graphic file (type png)

<use FigureImages/ODCCartoon.png>
Missing character: There is no µ in font cmr17!
 [20] [21 <./FigureImages/ODCCartoon.png>]
[22] [23] [24] [25] [26]) [27] [28]
\openout2 = `Chapter2/Chapter2.aux'.

 (./Chapter2/Chapter2.tex
Chapter 2.
[29



] [30] [31] [32] [33]
Missing character: There is no Õ in font cmr17!
Missing character: There is no Õ in font cmr17!
 [34] [35]
Missing character: There is no µ in font cmr17!

<FigureImages/LGNDissection.png, id=827, 661.7523pt x 577.4373pt>
File: FigureImages/LGNDissection.png Graphic file (type png)

<use FigureImages/LGNDissection.png>
Missing character: There is no µ in font cmr12!
Missing character: There is no µ in font cmr12!
 [36] [37 <./FigureImages/LGNDissection.png>] [38] <FigureImages/OItoDIGE.png, 
id=842, 649.7073pt x 631.6398pt>
File: FigureImages/OItoDIGE.png Graphic file (type png)

<use FigureImages/OItoDIGE.png>
Missing character: There is no µ in font cmr12!
Missing character: There is no µ in font cmr12!
Missing character: There is no µ in font cmr12!
Missing character: There is no µ in font cmr12!
Missing character: There is no Õ in font cmr17!
Missing character: There is no ¡ in font cmr17!
 [39 <./FigureImages/OItoDIGE.png>] [40]
[41] [42]
Overfull \hbox (8.81555pt too wide) in paragraph at lines 58--60
[]\OT1/cmr/m/n/17.28 Qualitative dif-fer-ences be-tween the Cy3 and Cy5 sig-nal
s within
 []

Missing character: There is no Õ in font cmr17!
[43]
Overfull \hbox (31.24716pt too wide) in paragraph at lines 64--65
\OT1/cmr/m/n/17.28 im-me-di-ately pre-pared for matrix-assisted laser des-orb-t
ion/ionization
 []


Overfull \hbox (23.03761pt too wide) in paragraph at lines 64--65
\OT1/cmr/m/n/17.28 100 well stain-less steel sam-ple plate (PerSep-tive Biosyte
ms/Applied
 []


Overfull \hbox (4.07625pt too wide) in paragraph at lines 64--65
\OT1/cmr/m/n/17.28 Bio-sciences, Fos-ter City, Ca, 94404) and al-lowed to dry. 
MALDI-
 []

[44]
Overfull \hbox (3.19023pt too wide) in paragraph at lines 69--70
\OT1/cmr/m/n/17.28 Mil-li-pore, Bil-ler-ica, MA; munc13-3, cat. #ab2707 Ab-cam,
 Cam-
 []

[45] [46] [47]
<FigureImages/RetCandidateLocations.png, id=882, 669.50125pt x 745.78625pt>
File: FigureImages/RetCandidateLocations.png Graphic file (type png)

<use FigureImages/RetCandidateLocations.png> [48 <./FigureImages/RetCandidateLo
cations.png (PNG copy)>]
<FigureImages/RetCandidateFunctions.png, id=887, 664.4825pt x 771.88374pt>
File: FigureImages/RetCandidateFunctions.png Graphic file (type png)

<use FigureImages/RetCandidateFunctions.png> [49 <./FigureImages/RetCandidateFu
nctions.png (PNG copy)>]
<FigureImages/munc13_flat_retina_quant.png, id=892, 958.3002pt x 576.2328pt>
File: FigureImages/munc13_flat_retina_quant.png Graphic file (type png)

<use FigureImages/munc13_flat_retina_quant.png>
Missing character: There is no µ in font cmr12!
Missing character: There is no µ in font cmr12!
Missing character: There is no µ in font cmr12!
Missing character: There is no µ in font cmr12!
 [50 <./FigureImages/munc13_flat_retina_quant.png>]
<FigureImages/munc13-3_horiz.png, id=899, 890.1255pt x 588.7596pt>
File: FigureImages/munc13-3_horiz.png Graphic file (type png)

<use FigureImages/munc13-3_horiz.png> [51 <./FigureImages/munc13-3_horiz.png>]
LaTeX Font Info:    External font `cmex10' loaded for size
(Font)              <5> on input line 126.

Underfull \hbox (badness 10000) in paragraph at lines 126--126
[]|\OT1/cmr/bx/n/8 Protein
 []


Overfull \hbox (3.69681pt too wide) in paragraph at lines 126--126
[]|\OT1/cmr/bx/n/8 Expression
 []


Underfull \hbox (badness 10000) in paragraph at lines 126--126
[]|\OT1/cmr/bx/n/8 Total
 []


Underfull \hbox (badness 10000) in paragraph at lines 126--126
\OT1/cmr/bx/n/8 (T-N)
 []


Underfull \hbox (badness 10000) in paragraph at lines 126--126
[]|\OT1/cmr/bx/n/8 Matched
 []


Overfull \hbox (6.16725pt too wide) in paragraph at lines 126--126
[]|\OT1/cmr/bx/n/8 Score| 
 []


Overfull \hbox (10.84479pt too wide) in paragraph at lines 126--127
[]|\OT1/cmr/bx/n/8 Coverage| 
 []


Underfull \hbox (badness 10000) in paragraph at lines 131--132
[]|\OT1/cmr/m/n/8 Continued on
 []


Overfull \hbox (0.88496pt too wide) in paragraph at lines 137--137
[]|\OT1/cmr/m/n/8 4.51| 
 []


Underfull \hbox (badness 10000) in paragraph at lines 138--138
[]|\OT1/cmr/m/n/8 Macaca Mu-
 []


Overfull \hbox (0.88496pt too wide) in paragraph at lines 138--138
[]|\OT1/cmr/m/n/8 4.94| 
 []


Underfull \hbox (badness 1242) in paragraph at lines 139--139
[]|\OT1/cmr/m/n/8 beta A1 crys-
 []


Overfull \hbox (0.88496pt too wide) in paragraph at lines 139--139
[]|\OT1/cmr/m/n/8 6.38| 
 []


Underfull \hbox (badness 1454) in paragraph at lines 140--140
[]|\OT1/cmr/m/n/8 beta B1 crys-
 []


Overfull \hbox (0.88496pt too wide) in paragraph at lines 140--140
[]|\OT1/cmr/m/n/8 7.66| 
 []


Underfull \hbox (badness 10000) in paragraph at lines 141--141
[]|\OT1/cmr/m/n/8 dnaK-type
 []


Underfull \hbox (badness 10000) in paragraph at lines 141--141
\OT1/cmr/m/n/8 molec-u-lar
 []


Underfull \hbox (badness 10000) in paragraph at lines 141--141
\OT1/cmr/m/n/8 chap-er-one
 []


Overfull \hbox (0.88496pt too wide) in paragraph at lines 141--141
[]|\OT1/cmr/m/n/8 5.43| 
 []


Underfull \hbox (badness 10000) in paragraph at lines 142--142
[]|\OT1/cmr/m/n/8 guanine
 []


Underfull \hbox (badness 10000) in paragraph at lines 142--142
\OT1/cmr/m/n/8 nucleotide-
 []


Underfull \hbox (badness 10000) in paragraph at lines 142--142
\OT1/cmr/m/n/8 binding pro-
 []


Underfull \hbox (badness 10000) in paragraph at lines 142--142
\OT1/cmr/m/n/8 tein, beta-1
 []


Underfull \hbox (badness 10000) in paragraph at lines 142--142
[]|\OT1/cmr/m/n/8 Canis fa-mil-
 []


Underfull \hbox (badness 10000) in paragraph at lines 143--143
[]|\OT1/cmr/m/n/8 heat shock
 []


Underfull \hbox (badness 2073) in paragraph at lines 143--143
\OT1/cmr/m/n/8 70kDa pro-tein
 []


Overfull \hbox (0.88496pt too wide) in paragraph at lines 143--143
[]|\OT1/cmr/m/n/8 5.62| 
 []


Underfull \hbox (badness 10000) in paragraph at lines 144--144
[]|\OT1/cmr/m/n/8 Heterogeneous
 []


Underfull \hbox (badness 10000) in paragraph at lines 144--144
\OT1/cmr/m/n/8 cle-o-pro-tein F
 []


Underfull \hbox (badness 10000) in paragraph at lines 144--144
[]|\OT1/cmr/m/n/8 Canis fa-mil-
 []


Overfull \hbox (0.88496pt too wide) in paragraph at lines 144--144
[]|\OT1/cmr/m/n/8 5.32| 
 []


Underfull \hbox (badness 10000) in paragraph at lines 145--145
[]|\OT1/cmr/m/n/8 Hexokinase,
 []


Underfull \hbox (badness 10000) in paragraph at lines 145--145
[]|\OT1/cmr/m/n/8 Canis fa-mil-
 []


Overfull \hbox (2.73808pt too wide) in paragraph at lines 145--145
[]|\OT1/cmr/m/n/8 120076| 
 []


Overfull \hbox (0.88496pt too wide) in paragraph at lines 145--145
[]|\OT1/cmr/m/n/8 8.88| 
 []


Underfull \hbox (badness 10000) in paragraph at lines 146--146
[]|\OT1/cmr/m/n/8 Macaca Mu-
 []


Overfull \hbox (2.73808pt too wide) in paragraph at lines 146--146
[]|\OT1/cmr/m/n/8 254083| 
 []


Overfull \hbox (0.88496pt too wide) in paragraph at lines 146--146
[]|\OT1/cmr/m/n/8 5.76| 
 []


Underfull \hbox (badness 10000) in paragraph at lines 147--147
[]|\OT1/cmr/m/n/8 protein phos-
 []


Underfull \hbox (badness 10000) in paragraph at lines 147--147
\OT1/cmr/m/n/8 phatase 1,
 []


Underfull \hbox (badness 10000) in paragraph at lines 147--147
\OT1/cmr/m/n/8 cat-alytic sub-
 []


Overfull \hbox (0.88496pt too wide) in paragraph at lines 147--147
[]|\OT1/cmr/m/n/8 5.84| 
 []


Overfull \vbox (10.0903pt too high) has occurred while \output is active []


[52]
Overfull \hbox (0.71855pt too wide) in alignment at lines 152--157
 [] [] [] 
 []


Overfull \hbox (0.71855pt too wide) in alignment at lines 157--158
 [] [] [] 
 []


Overfull \hbox (0.71855pt too wide) in alignment at lines 158--162
 [] [] [] 
 []


Overfull \hbox (0.71855pt too wide) in alignment at lines 162--165
 [] [] [] 
 []


Underfull \hbox (badness 2237) in paragraph at lines 171--171
[]|\OT1/cmr/m/n/8 guanine nucleotide-binding pro-tein, beta-1
 []


Underfull \hbox (badness 2042) in paragraph at lines 173--173
[]|\OT1/cmr/m/n/8 Heterogeneous nu-clear ri-bonu-cle-o-pro-tein F
 []


Overfull \hbox (0.71855pt too wide) in alignment at lines 165--177
 [] [] [] 
 []

[53]
Missing character: There is no Ê in font cmr17!
Missing character: There is no Ê in font cmr17!

Overfull \hbox (6.67244pt too wide) in paragraph at lines 185--186
\OT1/cmr/m/n/17.28 across the cen-tral ner-vous sys-tem (Wang and Strittmat-ter
, 1996).
 []

[54] [55]
<FigureImages/LGNCandidateLocations.png, id=923, 662.475pt x 750.805pt>
File: FigureImages/LGNCandidateLocations.png Graphic file (type png)

<use FigureImages/LGNCandidateLocations.png> [56 <./FigureImages/LGNCandidateLo
cations.png (PNG copy)>]
<FigureImages/LGNCandidateFunctions.png, id=929, 694.595pt x 729.72626pt>
File: FigureImages/LGNCandidateFunctions.png Graphic file (type png)

<use FigureImages/LGNCandidateFunctions.png> [57 <./FigureImages/LGNCandidateFu
nctions.png (PNG copy)>]
Underfull \hbox (badness 10000) in paragraph at lines 217--217
[]|\OT1/cmr/bx/n/8 Protein
 []


Overfull \hbox (3.69681pt too wide) in paragraph at lines 217--217
[]|\OT1/cmr/bx/n/8 Expression
 []


Underfull \hbox (badness 10000) in paragraph at lines 217--217
[]|\OT1/cmr/bx/n/8 Total
 []


Underfull \hbox (badness 10000) in paragraph at lines 217--217
\OT1/cmr/bx/n/8 (A1-A)
 []


Overfull \hbox (5.65707pt too wide) in paragraph at lines 217--217
\OT1/cmr/bx/n/8 /(A1+A)| 
 []


Underfull \hbox (badness 10000) in paragraph at lines 217--217
[]|\OT1/cmr/bx/n/8 Matched
 []


Overfull \hbox (6.16725pt too wide) in paragraph at lines 217--217
[]|\OT1/cmr/bx/n/8 Score| 
 []


Overfull \hbox (10.84479pt too wide) in paragraph at lines 217--218
[]|\OT1/cmr/bx/n/8 Coverage| 
 []


Underfull \hbox (badness 10000) in paragraph at lines 222--223
[]|\OT1/cmr/m/n/8 Continued on
 []


Underfull \hbox (badness 10000) in paragraph at lines 228--228
[]|\OT1/cmr/m/n/8 collapsin
 []


Underfull \hbox (badness 10000) in paragraph at lines 228--228
\OT1/cmr/m/n/8 re-sponse me-
 []


Underfull \hbox (badness 5578) in paragraph at lines 228--228
\OT1/cmr/m/n/8 di-a-tor pro-tein
 []


Underfull \hbox (badness 10000) in paragraph at lines 228--228
[]|\OT1/cmr/m/n/8 Canis Fa-mil-
 []


Overfull \hbox (0.88496pt too wide) in paragraph at lines 228--228
[]|\OT1/cmr/m/n/8 5.98| 
 []


Underfull \hbox (badness 10000) in paragraph at lines 229--229
\OT1/cmr/m/n/8 tal Struc-ture
 []


Underfull \hbox (badness 10000) in paragraph at lines 229--229
\OT1/cmr/m/n/8 Of Bovine
 []


Underfull \hbox (badness 10000) in paragraph at lines 229--229
\OT1/cmr/m/n/8 Hsc70(Aa1-
 []


Overfull \hbox (5.53429pt too wide) in paragraph at lines 229--229
\OT1/cmr/m/n/8 554)e213aD214A
 []


Overfull \hbox (0.88496pt too wide) in paragraph at lines 229--229
[]|\OT1/cmr/m/n/8 6.05| 
 []


Underfull \hbox (badness 10000) in paragraph at lines 230--230
[]|\OT1/cmr/m/n/8 Macaca mu-
 []


Overfull \hbox (0.88496pt too wide) in paragraph at lines 230--230
[]|\OT1/cmr/m/n/8 4.96| 
 []


Underfull \hbox (badness 10000) in paragraph at lines 231--231
[]|\OT1/cmr/m/n/8 Canis Fa-mil-
 []


Overfull \hbox (0.88496pt too wide) in paragraph at lines 231--231
[]|\OT1/cmr/m/n/8 8.07| 
 []


Underfull \hbox (badness 10000) in paragraph at lines 232--232
[]|\OT1/cmr/m/n/8 collapsin
 []


Underfull \hbox (badness 10000) in paragraph at lines 232--232
\OT1/cmr/m/n/8 re-sponse me-
 []


Underfull \hbox (badness 5578) in paragraph at lines 232--232
\OT1/cmr/m/n/8 di-a-tor pro-tein
 []


Underfull \hbox (badness 10000) in paragraph at lines 232--232
[]|\OT1/cmr/m/n/8 Canis Fa-mil-
 []


Overfull \hbox (0.88496pt too wide) in paragraph at lines 232--232
[]|\OT1/cmr/m/n/8 6.67| 
 []


Underfull \hbox (badness 10000) in paragraph at lines 233--233
[]|\OT1/cmr/m/n/8 collapsin
 []


Underfull \hbox (badness 10000) in paragraph at lines 233--233
\OT1/cmr/m/n/8 re-sponse me-
 []


Underfull \hbox (badness 5578) in paragraph at lines 233--233
\OT1/cmr/m/n/8 di-a-tor pro-tein
 []


Overfull \hbox (0.88496pt too wide) in paragraph at lines 233--233
[]|\OT1/cmr/m/n/8 5.98| 
 []


Underfull \hbox (badness 1694) in paragraph at lines 234--234
[]|\OT1/cmr/m/n/8 GDP dis-so-ci-a-
 []


Underfull \hbox (badness 10000) in paragraph at lines 234--235
[]|\OT1/cmr/m/n/8 Rhinolophus
 []


Overfull \hbox (0.88496pt too wide) in paragraph at lines 235--235
[]|\OT1/cmr/m/n/8 4.96| 
 []


Overfull \hbox (0.88496pt too wide) in paragraph at lines 236--236
[]|\OT1/cmr/m/n/8 5.78| 
 []


Underfull \hbox (badness 5260) in paragraph at lines 237--237
\OT1/cmr/m/n/8 B-type (Cre-a-
 []


Underfull \hbox (badness 2334) in paragraph at lines 237--237
\OT1/cmr/m/n/8 tine ki-nase B
 []


Overfull \hbox (0.88496pt too wide) in paragraph at lines 238--238
[]|\OT1/cmr/m/n/8 5.47| 
 []


Underfull \hbox (badness 10000) in paragraph at lines 239--239
[]|\OT1/cmr/m/n/8 ubiquitin
 []


Underfull \hbox (badness 10000) in paragraph at lines 239--239
\OT1/cmr/m/n/8 carboxyl-
 []


Underfull \hbox (badness 10000) in paragraph at lines 239--239
\OT1/cmr/m/n/8 terminal es-
 []


Overfull \hbox (0.88496pt too wide) in paragraph at lines 240--240
[]|\OT1/cmr/m/n/8 5.22| 
 []


Underfull \hbox (badness 10000) in paragraph at lines 241--241
[]|\OT1/cmr/m/n/8 dystonin iso-
 []


Underfull \hbox (badness 10000) in paragraph at lines 241--241
[]|\OT1/cmr/m/n/8 Canis Fa-mil-
 []


Overfull \hbox (2.73808pt too wide) in paragraph at lines 241--241
[]|\OT1/cmr/m/n/8 632401| 
 []


Overfull \hbox (0.88496pt too wide) in paragraph at lines 241--241
[]|\OT1/cmr/m/n/8 5.51| 
 []


Underfull \hbox (badness 10000) in paragraph at lines 242--243
[]|\OT1/cmr/m/n/8 Heat-Shock
 []


Underfull \hbox (badness 6396) in paragraph at lines 242--243
\OT1/cmr/m/n/8 Cog-nate 70kd
 []


Overfull \hbox (0.88496pt too wide) in paragraph at lines 243--243
[]|\OT1/cmr/m/n/8 7.03| 
 []


Overfull \hbox (0.88496pt too wide) in paragraph at lines 244--244
[]|\OT1/cmr/m/n/8 4.78| 
 []


Overfull \hbox (0.88496pt too wide) in paragraph at lines 245--245
[]|\OT1/cmr/m/n/8 8.16| 
 []

[58] [59]
Overfull \hbox (0.71855pt too wide) in alignment at lines 252--257
 [] [] [] 
 []


Overfull \hbox (0.71855pt too wide) in alignment at lines 257--258
 [] [] [] 
 []


Overfull \hbox (0.71855pt too wide) in alignment at lines 258--262
 [] [] [] 
 []


Overfull \hbox (0.71855pt too wide) in alignment at lines 262--265
 [] [] [] 
 []


Underfull \hbox (badness 6758) in paragraph at lines 270--270
[]|\OT1/cmr/m/n/8 Chain A, Crys-tal Struc-ture Of Bovine
 []


Overfull \hbox (0.71855pt too wide) in alignment at lines 265--280
 [] [] [] 
 []


Overfull \hbox (10.89464pt too wide) in paragraph at lines 286--287
[]\OT1/cmr/m/n/17.28 Forty-two dif-fer-en-tially ex-pressed pro-tein can-di-dat
es were iden-
 []

[60] [61] [62]
<FigureImages/CorticalCandidateLocations.png, id=955, 683.55376pt x 759.83875pt
>
File: FigureImages/CorticalCandidateLocations.png Graphic file (type png)
 <use FigureImages/CorticalCandidateLocations.png> [63 <./FigureImages/Cortical
CandidateLocations.png (PNG copy)>]
<FigureImages/CorticalCandidateFunctions.png, id=960, 677.53125pt x 757.83125pt
>
File: FigureImages/CorticalCandidateFunctions.png Graphic file (type png)
 <use FigureImages/CorticalCandidateFunctions.png> [64 <./FigureImages/Cortical
CandidateFunctions.png (PNG copy)>]
<FigureImages/CRMP2_Western.png, id=965, 330.2739pt x 166.9437pt>
File: FigureImages/CRMP2_Western.png Graphic file (type png)

<use FigureImages/CRMP2_Western.png> [65 <./FigureImages/CRMP2_Western.png>]
<FigureImages/CRMP2Timecourse.png, id=971, 642.2394pt x 374.8404pt>
File: FigureImages/CRMP2Timecourse.png Graphic file (type png)

<use FigureImages/CRMP2Timecourse.png> [66 <./FigureImages/CRMP2Timecourse.png>
] <FigureImages/CRMP2Overlay.png, id=977, 221.628pt x 298.2342pt>
File: FigureImages/CRMP2Overlay.png Graphic file (type png)

<use FigureImages/CRMP2Overlay.png> [67 <./FigureImages/CRMP2Overlay.png>]
Underfull \hbox (badness 10000) in paragraph at lines 349--349
[]|\OT1/cmr/bx/n/8 Protein
 []


Overfull \hbox (3.69681pt too wide) in paragraph at lines 349--349
[]|\OT1/cmr/bx/n/8 Expression
 []


Underfull \hbox (badness 10000) in paragraph at lines 349--349
[]|\OT1/cmr/bx/n/8 Total
 []


Underfull \hbox (badness 10000) in paragraph at lines 349--349
\OT1/cmr/bx/n/8 (I-C)
 []


Underfull \hbox (badness 10000) in paragraph at lines 349--349
[]|\OT1/cmr/bx/n/8 Matched
 []


Overfull \hbox (6.16725pt too wide) in paragraph at lines 349--349
[]|\OT1/cmr/bx/n/8 Score| 
 []


Overfull \hbox (10.84479pt too wide) in paragraph at lines 349--350
[]|\OT1/cmr/bx/n/8 Coverage| 
 []


Underfull \hbox (badness 10000) in paragraph at lines 354--355
[]|\OT1/cmr/m/n/8 Continued on
 []


Overfull \hbox (0.88496pt too wide) in paragraph at lines 360--360
[]|\OT1/cmr/m/n/8 5.37| 
 []


Underfull \hbox (badness 10000) in paragraph at lines 360--360
[]|\OT1/cmr/m/n/8 80,
 []


Underfull \hbox (badness 10000) in paragraph at lines 360--360
\OT1/cmr/m/n/8 123,
 []


Underfull \hbox (badness 10000) in paragraph at lines 360--360
\OT1/cmr/m/n/8 94,
 []


Underfull \hbox (badness 1062) in paragraph at lines 360--361
[]|\OT1/cmr/m/n/8 30, 47,
 []


Underfull \hbox (badness 10000) in paragraph at lines 361--361
[]|\OT1/cmr/m/n/8 Canis fa-mil-
 []


Overfull \hbox (0.88496pt too wide) in paragraph at lines 361--361
[]|\OT1/cmr/m/n/8 4.96| 
 []


Underfull \hbox (badness 10000) in paragraph at lines 361--361
[]|\OT1/cmr/m/n/8 139,
 []


Underfull \hbox (badness 10000) in paragraph at lines 361--361
\OT1/cmr/m/n/8 169,
 []


Underfull \hbox (badness 1062) in paragraph at lines 361--362
[]|\OT1/cmr/m/n/8 41, 71,
 []


Underfull \hbox (badness 10000) in paragraph at lines 362--362
[]|\OT1/cmr/m/n/8 mitochondrial
 []


Underfull \hbox (badness 10000) in paragraph at lines 362--362
\OT1/cmr/m/n/8 ATP syn-
 []


Underfull \hbox (badness 10000) in paragraph at lines 362--362
\OT1/cmr/m/n/8 thase,F1
 []


Underfull \hbox (badness 10000) in paragraph at lines 362--362
[]|\OT1/cmr/m/n/8 Lepus eu-
 []


Overfull \hbox (0.88496pt too wide) in paragraph at lines 362--362
[]|\OT1/cmr/m/n/8 5.25| 
 []


Underfull \hbox (badness 10000) in paragraph at lines 362--362
[]|\OT1/cmr/m/n/8 217,
 []


Underfull \hbox (badness 10000) in paragraph at lines 362--362
\OT1/cmr/m/n/8 234,
 []


Underfull \hbox (badness 1062) in paragraph at lines 362--363
[]|\OT1/cmr/m/n/8 46, 60,
 []


Underfull \hbox (badness 10000) in paragraph at lines 363--363
[]|\OT1/cmr/m/n/8 Canis fa-mil-
 []


Overfull \hbox (0.88496pt too wide) in paragraph at lines 363--363
[]|\OT1/cmr/m/n/8 4.64| 
 []


Underfull \hbox (badness 10000) in paragraph at lines 363--363
[]|\OT1/cmr/m/n/8 93,
 []


Overfull \hbox (6.53963pt too wide) in paragraph at lines 363--363
\OT1/cmr/m/n/8 97,120| 
 []


Underfull \hbox (badness 10000) in paragraph at lines 363--364
[]|\OT1/cmr/m/n/8 29,
 []


Underfull \hbox (badness 10000) in paragraph at lines 364--364
[]|\OT1/cmr/m/n/8 NADH de-hy-
 []


Overfull \hbox (0.88496pt too wide) in paragraph at lines 364--364
[]|\OT1/cmr/m/n/8 6.11| 
 []


Overfull \hbox (13.15083pt too wide) in paragraph at lines 364--364
[]|\OT1/cmr/m/n/8 98,82,72| 
 []


Underfull \hbox (badness 1062) in paragraph at lines 364--365
[]|\OT1/cmr/m/n/8 24, 39,
 []


Underfull \hbox (badness 10000) in paragraph at lines 365--365
[]|\OT1/cmr/m/n/8 collapsin
 []


Underfull \hbox (badness 10000) in paragraph at lines 365--365
\OT1/cmr/m/n/8 re-sponse me-
 []


Underfull \hbox (badness 5578) in paragraph at lines 365--365
\OT1/cmr/m/n/8 di-a-tor pro-tein
 []


Underfull \hbox (badness 10000) in paragraph at lines 365--365
[]|\OT1/cmr/m/n/8 Canis fa-mil-
 []


Overfull \hbox (0.88496pt too wide) in paragraph at lines 365--365
[]|\OT1/cmr/m/n/8 5.95| 
 []


Underfull \hbox (badness 10000) in paragraph at lines 365--365
[]|\OT1/cmr/m/n/8 167,
 []


Overfull \hbox (0.88496pt too wide) in paragraph at lines 366--366
[]|\OT1/cmr/m/n/8 5.39| 
 []


Underfull \hbox (badness 10000) in paragraph at lines 366--366
[]|\OT1/cmr/m/n/8 75,
 []


Overfull \hbox (0.88496pt too wide) in paragraph at lines 367--367
[]|\OT1/cmr/m/n/8 5.47| 
 []


Underfull \hbox (badness 10000) in paragraph at lines 367--367
[]|\OT1/cmr/m/n/8 78,
 []


Underfull \hbox (badness 10000) in paragraph at lines 368--368
[]|\OT1/cmr/m/n/8 calmodulin 1
 []


Underfull \hbox (badness 10000) in paragraph at lines 368--368
[]|\OT1/cmr/m/n/8 Canis fa-mil-
 []


Overfull \hbox (0.88496pt too wide) in paragraph at lines 368--368
[]|\OT1/cmr/m/n/8 4.17| 
 []


Overfull \hbox (2.28957pt too wide) in paragraph at lines 368--368
[]|\OT1/cmr/m/n/8 88,72| 
 []


Overfull \hbox (17.09279pt too wide) in paragraph at lines 369--369
[]|\OT1/cmr/m/n/8 adenosylhomocyste-
 []


Underfull \hbox (badness 10000) in paragraph at lines 369--369
[]|\OT1/cmr/m/n/8 Canis fa-mil-
 []


Overfull \hbox (0.88496pt too wide) in paragraph at lines 369--369
[]|\OT1/cmr/m/n/8 5.82| 
 []


Underfull \hbox (badness 10000) in paragraph at lines 370--370
[]|\OT1/cmr/m/n/8 fibrinogen,
 []


Underfull \hbox (badness 10000) in paragraph at lines 370--370
\OT1/cmr/m/n/8 gamma A
 []


Underfull \hbox (badness 3612) in paragraph at lines 370--370
[]|\OT1/cmr/m/n/8 Mustela puto-
 []


Overfull \hbox (0.88496pt too wide) in paragraph at lines 370--370
[]|\OT1/cmr/m/n/8 5.72| 
 []


Overfull \hbox (0.88496pt too wide) in paragraph at lines 371--371
[]|\OT1/cmr/m/n/8 6.37| 
 []


Underfull \hbox (badness 10000) in paragraph at lines 372--372
[]|\OT1/cmr/m/n/8 guanine nu-
 []


Underfull \hbox (badness 10000) in paragraph at lines 372--372
\OT1/cmr/m/n/8 cleotide bind-
 []


Underfull \hbox (badness 10000) in paragraph at lines 372--372
\OT1/cmr/m/n/8 ing pro-tein,
 []


Underfull \hbox (badness 10000) in paragraph at lines 372--372
[]|\OT1/cmr/m/n/8 Canis fa-mil-
 []


Overfull \hbox (0.88496pt too wide) in paragraph at lines 372--372
[]|\OT1/cmr/m/n/8 5.61| 
 []


Underfull \hbox (badness 10000) in paragraph at lines 373--373
[]|\OT1/cmr/m/n/8 ubiquitin
 []


Underfull \hbox (badness 10000) in paragraph at lines 373--373
\OT1/cmr/m/n/8 carboxy-
 []


Underfull \hbox (badness 10000) in paragraph at lines 373--373
\OT1/cmr/m/n/8 terminal hy-
 []


Overfull \hbox (0.88496pt too wide) in paragraph at lines 373--373
[]|\OT1/cmr/m/n/8 5.47| 
 []


Underfull \hbox (badness 10000) in paragraph at lines 374--374
[]|\OT1/cmr/m/n/8 70Kd heat
 []


Overfull \hbox (0.88496pt too wide) in paragraph at lines 374--374
[]|\OT1/cmr/m/n/8 6.17| 
 []


Underfull \hbox (badness 10000) in paragraph at lines 375--375
[]|\OT1/cmr/m/n/8 Canis fa-mil-
 []


Overfull \hbox (0.88496pt too wide) in paragraph at lines 375--375
[]|\OT1/cmr/m/n/8 6.77| 
 []


Underfull \hbox (badness 10000) in paragraph at lines 376--376
[]|\OT1/cmr/m/n/8 mitochondrial
 []


Underfull \hbox (badness 10000) in paragraph at lines 376--376
[]|\OT1/cmr/m/n/8 Canis fa-mil-
 []


Overfull \hbox (0.88496pt too wide) in paragraph at lines 376--376
[]|\OT1/cmr/m/n/8 8.61| 
 []


Underfull \hbox (badness 10000) in paragraph at lines 377--377
[]|\OT1/cmr/m/n/8 heat shock
 []


Underfull \hbox (badness 2073) in paragraph at lines 377--377
\OT1/cmr/m/n/8 70kDa pro-tein
 []


Underfull \hbox (badness 10000) in paragraph at lines 377--377
[]|\OT1/cmr/m/n/8 Pan
 []


Underfull \hbox (badness 10000) in paragraph at lines 378--378
[]|\OT1/cmr/m/n/8 Canis fa-mil-
 []


Overfull \hbox (0.88496pt too wide) in paragraph at lines 378--378
[]|\OT1/cmr/m/n/8 5.04| 
 []


Underfull \hbox (badness 10000) in paragraph at lines 379--379
[]|\OT1/cmr/m/n/8 Clatherin
 []


Underfull \hbox (badness 10000) in paragraph at lines 379--379
[]|\OT1/cmr/m/n/8 Macaca mu-
 []


Overfull \hbox (2.73808pt too wide) in paragraph at lines 379--379
[]|\OT1/cmr/m/n/8 182336| 
 []


Overfull \hbox (0.88496pt too wide) in paragraph at lines 379--379
[]|\OT1/cmr/m/n/8 5.41| 
 []


Underfull \hbox (badness 10000) in paragraph at lines 380--380
[]|\OT1/cmr/m/n/8 ATPase, VI
 []


Underfull \hbox (badness 10000) in paragraph at lines 381--381
[]|\OT1/cmr/m/n/8 topoisomerase
 []


Underfull \hbox (badness 10000) in paragraph at lines 381--381
\OT1/cmr/m/n/8 (DNA) III
 []


Underfull \hbox (badness 10000) in paragraph at lines 381--381
[]|\OT1/cmr/m/n/8 Pan
 []


Overfull \hbox (2.73808pt too wide) in paragraph at lines 381--381
[]|\OT1/cmr/m/n/8 105477| 
 []


Overfull \hbox (0.88496pt too wide) in paragraph at lines 381--381
[]|\OT1/cmr/m/n/8 8.22| 
 []


Underfull \hbox (badness 10000) in paragraph at lines 382--382
[]|\OT1/cmr/m/n/8 oxoglutarate
 []


Underfull \hbox (badness 10000) in paragraph at lines 382--382
\OT1/cmr/m/n/8 dehydrogenase-
 []


Underfull \hbox (badness 10000) in paragraph at lines 382--382
\OT1/cmr/m/n/8 like, iso-form
 []


Overfull \hbox (2.73808pt too wide) in paragraph at lines 382--382
[]|\OT1/cmr/m/n/8 109964| 
 []


Overfull \hbox (0.88496pt too wide) in paragraph at lines 382--382
[]|\OT1/cmr/m/n/8 5.96| 
 []


Overfull \hbox (0.88496pt too wide) in paragraph at lines 383--383
[]|\OT1/cmr/m/n/8 6.05| 
 []


Underfull \hbox (badness 5288) in paragraph at lines 384--384
[]|\OT1/cmr/m/n/8 DJ-1 (Parkin-
 []


Underfull \hbox (badness 10000) in paragraph at lines 384--384
[]|\OT1/cmr/m/n/8 Pan
 []


Overfull \hbox (0.88496pt too wide) in paragraph at lines 384--384
[]|\OT1/cmr/m/n/8 6.44| 
 []


Underfull \hbox (badness 10000) in paragraph at lines 385--385
[]|\OT1/cmr/m/n/8 hemoglobin
 []


Overfull \hbox (0.88496pt too wide) in paragraph at lines 385--385
[]|\OT1/cmr/m/n/8 7.96| 
 []


Underfull \hbox (badness 10000) in paragraph at lines 386--386
[]|\OT1/cmr/m/n/8 2-
 []


Overfull \hbox (7.1357pt too wide) in paragraph at lines 386--386
\OT1/cmr/m/n/8 phosphoglycerate
 []


Underfull \hbox (badness 10000) in paragraph at lines 386--386
[]|\OT1/cmr/m/n/8 Canis fa-mil-
 []


Overfull \hbox (0.88496pt too wide) in paragraph at lines 386--386
[]|\OT1/cmr/m/n/8 5.78| 
 []


Underfull \hbox (badness 10000) in paragraph at lines 387--387
[]|\OT1/cmr/m/n/8 70kd Heat
 []


Overfull \hbox (0.88496pt too wide) in paragraph at lines 387--387
[]|\OT1/cmr/m/n/8 6.36| 
 []


Overfull \hbox (0.88496pt too wide) in paragraph at lines 388--388
[]|\OT1/cmr/m/n/8 5.49| 
 []


Underfull \hbox (badness 10000) in paragraph at lines 389--389
[]|\OT1/cmr/m/n/8 clathrin coat
 []


Underfull \hbox (badness 6859) in paragraph at lines 389--389
\OT1/cmr/m/n/8 as-sem-bly pro-
 []


Underfull \hbox (badness 10000) in paragraph at lines 389--389
[]|\OT1/cmr/m/n/8 Canis fa-mil-
 []


Overfull \hbox (0.88496pt too wide) in paragraph at lines 389--389
[]|\OT1/cmr/m/n/8 8.95| 
 []


Overfull \hbox (0.88496pt too wide) in paragraph at lines 390--390
[]|\OT1/cmr/m/n/8 6.93| 
 []


Underfull \hbox (badness 10000) in paragraph at lines 391--391
[]|\OT1/cmr/m/n/8 calcineurin,
 []


Overfull \hbox (0.88496pt too wide) in paragraph at lines 391--391
[]|\OT1/cmr/m/n/8 5.34| 
 []


Underfull \hbox (badness 10000) in paragraph at lines 392--392
[]|\OT1/cmr/m/n/8 heat shock
 []


Underfull \hbox (badness 10000) in paragraph at lines 392--392
\OT1/cmr/m/n/8 pro-tein 60
 []


Overfull \hbox (0.88496pt too wide) in paragraph at lines 392--392
[]|\OT1/cmr/m/n/8 5.35| 
 []


Underfull \hbox (badness 3579) in paragraph at lines 393--393
[]|\OT1/cmr/m/n/8 splicing fac-tor
 []


Overfull \hbox (12.5191pt too wide) in paragraph at lines 393--393
\OT1/cmr/m/n/8 proline/glutamine-
 []


Underfull \hbox (badness 10000) in paragraph at lines 393--393
\OT1/cmr/m/n/8 rich
 []


Underfull \hbox (badness 10000) in paragraph at lines 393--393
\OT1/cmr/m/n/8 (polypyrim-
 []


Underfull \hbox (badness 10000) in paragraph at lines 393--393
\OT1/cmr/m/n/8 i-dine tract
 []


Overfull \hbox (0.88496pt too wide) in paragraph at lines 393--393
[]|\OT1/cmr/m/n/8 9.42| 
 []


Underfull \hbox (badness 4266) in paragraph at lines 394--394
[]|\OT1/cmr/m/n/8 14-3-3 pro-tein
 []


Underfull \hbox (badness 10000) in paragraph at lines 394--394
\OT1/cmr/m/n/8 gamma (Pro-
 []


Underfull \hbox (badness 10000) in paragraph at lines 394--394
\OT1/cmr/m/n/8 tein ki-nase
 []


Underfull \hbox (badness 10000) in paragraph at lines 394--394
\OT1/cmr/m/n/8 C in-hibitor
 []


Underfull \hbox (badness 10000) in paragraph at lines 394--394
\OT1/cmr/m/n/8 pro-tein 1)
 []


Underfull \hbox (badness 10000) in paragraph at lines 395--395
[]|\OT1/cmr/m/n/8 collapsin
 []


Underfull \hbox (badness 10000) in paragraph at lines 395--395
\OT1/cmr/m/n/8 re-sponse me-
 []


Underfull \hbox (badness 5578) in paragraph at lines 395--395
\OT1/cmr/m/n/8 di-a-tor pro-tein
 []


Underfull \hbox (badness 10000) in paragraph at lines 395--395
[]|\OT1/cmr/m/n/8 Canis fa-mil-
 []


Overfull \hbox (0.88496pt too wide) in paragraph at lines 395--395
[]|\OT1/cmr/m/n/8 6.67| 
 []


Overfull \hbox (0.88496pt too wide) in paragraph at lines 396--396
[]|\OT1/cmr/m/n/8 5.66| 
 []


Underfull \hbox (badness 10000) in paragraph at lines 397--397
[]|\OT1/cmr/m/n/8 Ribose-
 []


Underfull \hbox (badness 10000) in paragraph at lines 397--397
\OT1/cmr/m/n/8 phosphate
 []


Underfull \hbox (badness 10000) in paragraph at lines 397--397
\OT1/cmr/m/n/8 py-rophos-pho-k-
 []


Overfull \hbox (0.88496pt too wide) in paragraph at lines 397--397
[]|\OT1/cmr/m/n/8 6.39| 
 []


Underfull \hbox (badness 10000) in paragraph at lines 398--398
[]|\OT1/cmr/m/n/8 voltage gated
 []


Underfull \hbox (badness 6396) in paragraph at lines 398--398
\OT1/cmr/m/n/8 cal-cium chan-
 []


Overfull \hbox (2.73808pt too wide) in paragraph at lines 398--398
[]|\OT1/cmr/m/n/8 124271| 
 []


Overfull \hbox (0.88496pt too wide) in paragraph at lines 398--398
[]|\OT1/cmr/m/n/8 5.11
 []


Underfull \hbox (badness 10000) in paragraph at lines 399--399
[]|\OT1/cmr/m/n/8 Isocitrate de-
 []


Underfull \hbox (badness 10000) in paragraph at lines 399--399
\OT1/cmr/m/n/8 hy-dro-ge-nase
 []


Underfull \hbox (badness 10000) in paragraph at lines 399--399
[]|\OT1/cmr/m/n/8 Canis fa-mil-
 []


Overfull \hbox (0.88496pt too wide) in paragraph at lines 399--399
[]|\OT1/cmr/m/n/8 6.47| 
 []

[68]
Overfull \hbox (0.88496pt too wide) in paragraph at lines 400--400
[]|\OT1/cmr/m/n/8 5.94| 
 []


Underfull \hbox (badness 10000) in paragraph at lines 401--401
[]|\OT1/cmr/m/n/8 Canis fa-mil-
 []


Overfull \hbox (2.73808pt too wide) in paragraph at lines 401--401
[]|\OT1/cmr/m/n/8 296540| 
 []


Overfull \hbox (0.88496pt too wide) in paragraph at lines 401--401
[]|\OT1/cmr/m/n/8 5.33| 
 []

[69] [70] [71]
Overfull \hbox (0.71855pt too wide) in alignment at lines 408--413
 [] [] [] 
 []


Overfull \hbox (0.71855pt too wide) in alignment at lines 413--414
 [] [] [] 
 []


Overfull \hbox (0.71855pt too wide) in alignment at lines 414--418
 [] [] [] 
 []


Overfull \hbox (0.71855pt too wide) in alignment at lines 418--421
 [] [] [] 
 []


Overfull \hbox (0.71855pt too wide) in alignment at lines 421--442
 [] [] [] 
 []


Underfull \hbox (badness 10000) in paragraph at lines 460--460
[]|\OT1/cmr/m/n/8 splicing fac-tor proline/glutamine-rich
 []


Underfull \hbox (badness 3009) in paragraph at lines 460--460
\OT1/cmr/m/n/8 (polypyrim-i-dine tract bind-ing pro-tein as-
 []


Overfull \hbox (0.71855pt too wide) in alignment at lines 442--462
 [] [] [] 
 []


Overfull \hbox (0.71855pt too wide) in alignment at lines 462--464
 [] [] [] 
 []

[72] [73]
Missing character: There is no § in font cmr17!

Overfull \hbox (17.1752pt too wide) in paragraph at lines 476--477
[]\OT1/cmr/m/n/17.28 First, the pro-cess of col-lect-ing tis-sue sam-ples un-de
r this method-
 []

[74]
Missing character: There is no Õ in font cmr17!
 [75] [76]) [77] [78]
\openout2 = `Chapter3/Chapter3.aux'.

 (./Chapter3/Chapter3.tex
Chapter 3.
Missing character: There is no Ê in font cmbx12!
Missing character: There is no Ê in font cmbx12!
Missing character: There is no Ê in font cmbx12!
Missing character: There is no Ê in font cmbx12!
[79



]
Missing character: There is no Ê in font cmr17!
Missing character: There is no Ê in font cmr17!
Missing character: There is no Ê in font cmr17!
Missing character: There is no Ê in font cmr17!
Missing character: There is no Ê in font cmr17!
 [80]
Missing character: There is no Ê in font cmr17!
Missing character: There is no Ê in font cmr17!
Missing character: There is no Ê in font cmr17!
Missing character: There is no Ê in font cmr17!

Overfull \hbox (70.01353pt too wide) in paragraph at lines 10--11
\OT1/cmr/m/n/17.28 re-sponse me-di-a-tor pro-tein 4 (CRMP4, also known as dihyd
ropyrimidinase-
 []

[81]
Missing character: There is no Ê in font cmr17!
Missing character: There is no Ê in font cmr17!
Missing character: There is no Ê in font cmr17!
Missing character: There is no Ê in font cmr17!

Overfull \hbox (8.95575pt too wide) in paragraph at lines 14--15
\OT1/cmr/m/n/17.28 pen-to-bar-bi-tal (250mg/kg) then per-fused tran-scar-dially
 with 0.9%
 []

Missing character: There is no û in font cmr17!
[82]
Missing character: There is no Ê in font cmr17!
Missing character: There is no µ in font cmr17!
Missing character: There is no Ê in font cmr17!
 [83]
Missing character: There is no µ in font cmr17!
Missing character: There is no µ in font cmr17!
Missing character: There is no µ in font cmr17!
 [84] [85]
Missing character: There is no Ê in font cmr17!
Missing character: There is no Ê in font cmr17!
Missing character: There is no Ê in font cmr17!
Missing character: There is no Ê in font cmr17!
Missing character: There is no Ê in font cmr17!
 [86]
Missing character: There is no Ê in font cmr17!
Missing character: There is no Ê in font cmr17!
Missing character: There is no Ê in font cmr17!
 [87]
<FigureImages/CRMP4Timeline.png, id=1072, 296.7888pt x 367.6134pt>
File: FigureImages/CRMP4Timeline.png Graphic file (type png)

<use FigureImages/CRMP4Timeline.png> [88 <./FigureImages/CRMP4Timeline.png>]
<FigureImages/CRMP4_Western.png, id=1078, 317.0244pt x 157.5486pt>
File: FigureImages/CRMP4_Western.png Graphic file (type png)

<use FigureImages/CRMP4_Western.png> [89 <./FigureImages/CRMP4_Western.png (PNG
 copy)>] <FigureImages/CRMP4LGNQuant.png, id=1083, 442.2924pt x 480.1137pt>
File: FigureImages/CRMP4LGNQuant.png Graphic file (type png)

<use FigureImages/CRMP4LGNQuant.png> [90 <./FigureImages/CRMP4LGNQuant.png>]
<FigureImages/CRMP4Timeline2.png, id=1089, 416.2752pt x 306.9066pt>
File: FigureImages/CRMP4Timeline2.png Graphic file (type png)

<use FigureImages/CRMP4Timeline2.png> [91 <./FigureImages/CRMP4Timeline2.png (P
NG copy)>] <FigureImages/CRMP4Ret.png, id=1094, 366.168pt x 182.1204pt>
File: FigureImages/CRMP4Ret.png Graphic file (type png)

<use FigureImages/CRMP4Ret.png> [92 <./FigureImages/CRMP4Ret.png (PNG copy)>]
<FigureImages/NormalMyelin.png, id=1100, 576.2328pt x 284.7438pt>
File: FigureImages/NormalMyelin.png Graphic file (type png)

<use FigureImages/NormalMyelin.png> [93 <./FigureImages/NormalMyelin.png>]
Missing character: There is no Ê in font cmr17!
Missing character: There is no Ê in font cmr17!
Missing character: There is no Ê in font cmr17!
Missing character: There is no Ê in font cmr17!
Missing character: There is no Ê in font cmr17!

Overfull \hbox (6.48782pt too wide) in paragraph at lines 102--103
[]\OT1/cmr/m/n/17.28 This study de-scribes the de-vel-op-men-tally reg-u-lated 
spa-tiotem-
 []

Missing character: There is no Ê in font cmr17!
Missing character: There is no Ê in font cmr17!
Missing character: There is no Ê in font cmr17!
Missing character: There is no Ê in font cmr17!
[94]
Missing character: There is no Ê in font cmr17!
 [95]
Missing character: There is no Ê in font cmr17!
Missing character: There is no Ê in font cmr17!
Missing character: There is no Ê in font cmr17!
Missing character: There is no Ê in font cmr17!
 [96]
Missing character: There is no Ê in font cmr17!
Missing character: There is no Ê in font cmr17!
Missing character: There is no Ê in font cmr17!
Missing character: There is no Ê in font cmr17!
Missing character: There is no Ê in font cmr17!
Missing character: There is no Ê in font cmr17!
Missing character: There is no Ê in font cmr17!
Missing character: There is no Ê in font cmr17!
 [97]
Missing character: There is no Ê in font cmr17!
Missing character: There is no Ê in font cmr17!
Missing character: There is no Ê in font cmr17!
Missing character: There is no Ê in font cmr17!
Missing character: There is no Ê in font cmr17!
Missing character: There is no Ê in font cmr17!
Missing character: There is no Ê in font cmr17!
Missing character: There is no Ê in font cmr17!

Overfull \hbox (36.87604pt too wide) in paragraph at lines 119--120
[]\OT1/cmr/m/n/17.28 The CRMP fam-ily of phos-pho-pro-teins are me-di-a-tors of
 semaphorin
 []

Missing character: There is no Ê in font cmr17!
Missing character: There is no Ê in font cmr17!
Missing character: There is no Ê in font cmr17!
[98]) [99]
\openout2 = `Chapter4/Chapter4.aux'.

 (./Chapter4/Chapter4.tex
Chapter 4.
[100



] [101]
Missing character: There is no Ê in font cmr17!
Missing character: There is no Ê in font cmr17!
 [102]
Missing character: There is no Ê in font cmr17!
Missing character: There is no Ê in font cmr17!
Missing character: There is no Ê in font cmr17!

Overfull \hbox (2.72952pt too wide) in paragraph at lines 17--18
\OT1/cmr/m/n/17.28 the-sia and ster-ile tech-nique on P0 as de-scribed pre-vi-o
usly (Crow-
 []

[103] [104]
Overfull \hbox (8.3811pt too wide) in paragraph at lines 35--35
\OT1/cmr/bx/n/14.4 nor-mal reti-nal pro-jec-tions, nor-mal cy-toar-chi-tec-ture
, and
 []

Missing character: There is no Õ in font cmr17!
Missing character: There is no Õ in font cmr17!
Missing character: There is no Õ in font cmr17!
Missing character: There is no Õ in font cmr17!
Missing character: There is no Õ in font cmr17!
Missing character: There is no Õ in font cmr17!
Missing character: There is no Õ in font cmr17!
Missing character: There is no Õ in font cmr17!
[105] [106] [107] [108]
<FigureImages/EpiPatchesQuant.png, id=1170, 681.747pt x 540.3387pt>
File: FigureImages/EpiPatchesQuant.png Graphic file (type png)

<use FigureImages/EpiPatchesQuant.png> [109 <./FigureImages/EpiPatchesQuant.png
>] <FigureImages/EpiOverlapQuant.png, id=1176, 469.5141pt x 582.7371pt>
File: FigureImages/EpiOverlapQuant.png Graphic file (type png)

<use FigureImages/EpiOverlapQuant.png> [110 <./FigureImages/EpiOverlapQuant.png
>] <FigureImages/EpiPositionQuant.png, id=1183, 710.4141pt x 257.2812pt>
File: FigureImages/EpiPositionQuant.png Graphic file (type png)

<use FigureImages/EpiPositionQuant.png> [111 <./FigureImages/EpiPositionQuant.p
ng>] <FigureImages/NisslCTBComparison.png, id=1189, 905.5431pt x 691.8648pt>
File: FigureImages/NisslCTBComparison.png Graphic file (type png)

<use FigureImages/NisslCTBComparison.png> [112 <./FigureImages/NisslCTBComparis
on.png>] <FigureImages/EpiCRMP4.png, id=1195, 241.8636pt x 243.309pt>
File: FigureImages/EpiCRMP4.png Graphic file (type png)

<use FigureImages/EpiCRMP4.png> [113 <./FigureImages/EpiCRMP4.png>]
<FigureImages/NormalvsEpiMyelin.png, id=1201, 361.1091pt x 155.6214pt>
File: FigureImages/NormalvsEpiMyelin.png Graphic file (type png)

<use FigureImages/NormalvsEpiMyelin.png> [114 <./FigureImages/NormalvsEpiMyelin
.png>]
Missing character: There is no Õ in font cmr17!
Missing character: There is no Ê in font cmr17!
Missing character: There is no Ê in font cmr17!
Missing character: There is no Ê in font cmr17!
Missing character: There is no Õ in font cmr17!
 <FigureImages/EnucleationCRMP4.png, id=1207, 243.0681pt x 258.2448pt>
File: FigureImages/EnucleationCRMP4.png Graphic file (type png)

<use FigureImages/EnucleationCRMP4.png>
Missing character: There is no § in font cmr12!
Missing character: There is no § in font cmr12!
 [115] [116] [117 <./FigureImages/EnucleationCRMP4.png>] [118] [119]) [120] [12
1]
\openout2 = `Chapter5/Chapter5.aux'.

 (./Chapter5/Chapter5.tex
Chapter 5.
[122



] [123] [124]
Overfull \hbox (6.60373pt too wide) in paragraph at lines 13--14
\OT1/cmr/m/n/17.28 cally de-fined oc-u-lar dom-i-nance columns (Hubel, 1975; Hu
mphrey
 []

[125] [126] [127] [128]
Underfull \hbox (badness 10000) in paragraph at lines 27--34

 []


Underfull \hbox (badness 10000) in paragraph at lines 27--34

 []


Overfull \hbox (41.28857pt too wide) in paragraph at lines 27--34
\OT1/cmr/m/it/17.28 ii. CRMP4 serves as a re-sponse fac-tor down-stream of sema
phorin
 []


Overfull \hbox (4.43211pt too wide) in paragraph at lines 27--34
\OT1/cmr/m/it/17.28 sig-nal-ing and me-di-ates growth cone col-lapse in the cel
l sparse
 []


Underfull \hbox (badness 10000) in paragraph at lines 27--34

 []


Underfull \hbox (badness 10000) in paragraph at lines 27--34

 []

[129]
Overfull \hbox (2.37636pt too wide) in paragraph at lines 37--37
[]\OT1/cmr/bx/n/14.4 Hypothesis i: CRMP4 serves as a re-sponse fac-tor down-
 []

[130] [131]
Missing character: There is no Õ in font cmr17!
 [132] [133] [134]
<FigureImages/MAISignals.png, id=1294, 772.3254pt x 638.8668pt>
File: FigureImages/MAISignals.png Graphic file (type png)

<use FigureImages/MAISignals.png>
<FigureImages/Chapter5Summary.png, id=1295, 1257.7389pt x 1168.1241pt>
File: FigureImages/Chapter5Summary.png Graphic file (type png)

<use FigureImages/Chapter5Summary.png> [135 <./FigureImages/MAISignals.png>]

LaTeX Warning: Text page 136 contains only floats.

[136 <./FigureImages/Chapter5Summary.png>]
Overfull \hbox (6.87634pt too wide) in paragraph at lines 69--69
[]\OT1/cmr/bx/n/14.4 Hypothesis ii: CRMP4 serves as a re-sponse fac-tor down-
 []

Missing character: There is no µ in font cmr17!
Missing character: There is no µ in font cmr17!
[137] [138] [139] [140] [141] [142] [143]) [144]
\openout2 = `References/References.aux'.

 (./References/References.tex
[145



] [146]
Missing character: There is no  in font cmr10!
Missing character: There is no  in font cmr10!
 [147] [148]
Missing character: There is no  in font cmr10!
 [149]
Missing character: There is no  in font cmr10!
 [150] [151]
Missing character: There is no  in font cmr10!
 [152] [153]
Overfull \hbox (3.2027pt too wide) in paragraph at lines 388--389
[]\OT1/cmr/m/n/10.95 Van den Bergh G, Clerens S, Cnops L, Van-desande F, Ar-ck-
ens L (2003) Flu-o-res-cent two-dimensional
 []

Missing character: There is no  in font cmr10!
Missing character: There is no  in font cmr10!
[154]) [155]

Package glossaries Warning: No \printglossary or \printglossaries found.
This document will not have a glossary.

Package atveryend Info: Empty hook `BeforeClearDocument' on input line 28.
Package atveryend Info: Empty hook `AfterLastShipout' on input line 28.
(./DissertationMain.aux (./TopMatter/TopMatter.aux) (./Chapter1/Chapter1.aux)
(./Chapter2/Chapter2.aux) (./Chapter3/Chapter3.aux) (./Chapter4/Chapter4.aux)
(./Chapter5/Chapter5.aux) (./References/References.aux))
Package atveryend Info: Executing hook `AtVeryEndDocument' on input line 28.
Package rerunfilecheck Info: File `DissertationMain.out' has not changed.
(rerunfilecheck)             Checksum: 4BF507BBEEF727EB2D61C5821AF388D3;7405.
 ) 
Here is how much of TeX's memory you used:
 9007 strings out of 493747
 138855 string characters out of 3143546
 326447 words of memory out of 3000000
 11741 multiletter control sequences out of 15000+200000
 11914 words of font info for 41 fonts, out of 3000000 for 9000
 714 hyphenation exceptions out of 8191
 53i,10n,92p,3044b,516s stack positions out of 5000i,500n,10000p,200000b,50000s
</usr/local/texlive/2010/texmf-dist/fonts/type1/public/amsfonts/cm/cmbx12.pfb
></usr/local/texlive/2010/texmf-dist/fonts/type1/public/amsfonts/cm/cmbx8.pfb><
/usr/local/texlive/2010/texmf-dist/fonts/type1/public/amsfonts/cm/cmmi12.pfb></
usr/local/texlive/2010/texmf-dist/fonts/type1/public/amsfonts/cm/cmr10.pfb></us
r/local/texlive/2010/texmf-dist/fonts/type1/public/amsfonts/cm/cmr12.pfb></usr/
local/texlive/2010/texmf-dist/fonts/type1/public/amsfonts/cm/cmr17.pfb></usr/lo
cal/texlive/2010/texmf-dist/fonts/type1/public/amsfonts/cm/cmr8.pfb></usr/local
/texlive/2010/texmf-dist/fonts/type1/public/amsfonts/cm/cmsy10.pfb></usr/local/
texlive/2010/texmf-dist/fonts/type1/public/amsfonts/cm/cmsy8.pfb></usr/local/te
xlive/2010/texmf-dist/fonts/type1/public/amsfonts/cm/cmti12.pfb>
Output written on DissertationMain.pdf (172 pages, 42697920 bytes).
PDF statistics:
 1492 PDF objects out of 1728 (max. 8388607)
 1237 compressed objects within 13 object streams
 303 named destinations out of 1000 (max. 500000)
 843 words of extra memory for PDF output out of 10000 (max. 10000000)

